<?xml version="1.0" encoding="UTF-8"?>
<testng-results skipped="0" failed="0" ignored="0" total="1" passed="1">
  <reporter-output>
  </reporter-output>
  <suite name="Default suite" duration-ms="18462" started-at="2018-07-25T20:07:24Z" finished-at="2018-07-25T20:07:42Z">
    <groups>
    </groups>
    <test name="Default test" duration-ms="18462" started-at="2018-07-25T20:07:24Z" finished-at="2018-07-25T20:07:42Z">
      <class name="com.devokta.pages.VerifyDevOktaLogin">
        <test-method status="PASS" signature="verifyValidLogin()[pri:0, instance:com.devokta.pages.VerifyDevOktaLogin@3ffc5af1]" name="verifyValidLogin" duration-ms="18442" started-at="2018-07-25T20:07:24Z" finished-at="2018-07-25T20:07:42Z">
          <reporter-output>
          </reporter-output>
        </test-method> <!-- verifyValidLogin -->
      </class> <!-- com.devokta.pages.VerifyDevOktaLogin -->
    </test> <!-- Default test -->
  </suite> <!-- Default suite -->
</testng-results>
